<?xml version="1.0" encoding="UTF-8"?>
<!-- Generated by org.testng.reporters.JUnitReportReporter -->
<testsuite hostname="IN-PG0352AV" failures="0" tests="1" name="Jpack.Demo3" time="36.967" errors="0" timestamp="21 Apr 2024 17:39:15 GMT" skipped="0">
  <testcase classname="Jpack.Demo3" name="One" time="36.967"/>
</testsuite> <!-- Jpack.Demo3 -->
