<?xml version="1.0" encoding="UTF-8"?>
<!-- Generated by org.testng.reporters.JUnitReportReporter -->
<testsuite hostname="IN-PG0352AV" failures="0" tests="1" name="Jpack.Demor" time="0.002" errors="0" timestamp="21 Apr 2024 17:39:15 GMT" skipped="0">
  <testcase classname="Jpack.Demor" name="rt" time="0.002"/>
</testsuite> <!-- Jpack.Demor -->
