<?xml version="1.0" encoding="UTF-8"?>
<!-- Generated by org.testng.reporters.JUnitReportReporter -->
<testsuite hostname="IN-PG0352AV" failures="0" tests="2" name="tpack.Demo2" time="0.002" errors="0" timestamp="20 Apr 2024 10:22:49 GMT" skipped="0">
  <testcase classname="tpack.Demo2" name="derf" time="0.001"/>
  <testcase classname="tpack.Demo2" name="serf" time="0.001"/>
</testsuite> <!-- tpack.Demo2 -->
